16:13:05 2048
16:13:05 2048
16:13:05 2048
16:13:09 812
16:13:09 0
FINISH

16:13:13 2048
16:13:13 2048
16:13:13 2048
16:13:15 812
16:13:15 0
FINISH

16:22:09 2048
16:22:09 2048
16:22:09 2048
16:22:09 812
16:22:09 0
FINISH

16:23:24 2048
16:23:24 2048
16:23:24 2048
16:23:30 812
16:23:30 0
FINISH

16:24:29 6956
16:24:29 0
FINISH

16:38:52 2048
16:38:52 2048
16:38:52 2048
16:38:58 812
16:38:58 0
FINISH

16:44:42 2048
16:44:42 2048
16:44:46 2004
16:44:46 0
FINISH

15:34:31 2048
15:34:31 2048
15:34:31 2048
15:34:35 812
15:34:35 0
FINISH

15:52:22 2048
15:52:22 2048
15:52:22 2048
15:52:26 812
15:52:26 0
FINISH

16:00:40: Read 2048
16:00:40: vorbis_analysis_wrote 1024
16:00:40: Read 2048
16:00:40: vorbis_analysis_wrote 1024
16:00:40: Read 2048
16:00:40: vorbis_analysis_wrote 1024
16:00:44: Read 812
16:00:44: vorbis_analysis_wrote 406
16:00:44: Read 0
FINISH

16:01:20 Read 2048
16:01:20 vorbis_analysis_wrote 1024
16:01:20 Read 2048
16:01:20 vorbis_analysis_wrote 1024
16:01:20 Read 2048
16:01:20 vorbis_analysis_wrote 1024
16:01:24 Read 812
16:01:24 vorbis_analysis_wrote 406
16:01:24 Read 0
FINISH

16:15:10 Read 2048
16:15:10 vorbis_analysis_wrote 1024
16:15:10 Read 2048
16:15:10 vorbis_analysis_wrote 1024
16:15:10 Read 2048
16:15:10 vorbis_analysis_wrote 1024
16:15:14 Read 812
16:15:14 vorbis_analysis_wrote 406
16:15:14 Read 0
FINISH

16:15:33 Read 2048
16:15:33 vorbis_analysis_wrote 1024
16:15:33 Read 2048
16:15:33 vorbis_analysis_wrote 1024
16:15:33 vorbis_analysis_blockout 512
16:15:33 vorbis_bitrate_flushpacket 74
16:15:33 ogg_stream_pageout 3395
16:15:33 vorbis_analysis_blockout 512
16:15:33 vorbis_bitrate_flushpacket 77
16:15:33 ogg_stream_pageout 3395
16:15:33 vorbis_analysis_blockout 512
16:15:33 vorbis_bitrate_flushpacket 67
16:15:33 ogg_stream_pageout 3395
16:15:33 vorbis_analysis_blockout 512
16:15:33 vorbis_bitrate_flushpacket 73
16:15:33 ogg_stream_pageout 3395
16:15:33 Read 2048
16:15:33 vorbis_analysis_wrote 1024
16:15:33 vorbis_analysis_blockout 512
16:15:33 vorbis_bitrate_flushpacket 74
16:15:33 ogg_stream_pageout 3395
16:15:33 vorbis_analysis_blockout 1024
16:15:33 vorbis_bitrate_flushpacket 95
16:15:33 ogg_stream_pageout 3395
16:15:37 Read 812
16:15:37 vorbis_analysis_wrote 406
16:15:37 vorbis_analysis_blockout 1024
16:15:37 vorbis_bitrate_flushpacket 91
16:15:37 ogg_stream_pageout 3395
16:15:37 Read 0
16:15:37 vorbis_analysis_blockout 1024
16:15:37 vorbis_bitrate_flushpacket 86
16:15:37 ogg_stream_pageout 3395
16:15:37 vorbis_analysis_blockout 1024
16:15:37 vorbis_bitrate_flushpacket 89
16:15:37 ogg_stream_pageout 3395
16:15:37 vorbis_analysis_blockout 512
16:15:37 vorbis_bitrate_flushpacket 72
16:15:37 ogg_stream_pageout 3395
16:15:37 vorbis_analysis_blockout 512
16:15:37 vorbis_bitrate_flushpacket 67
16:15:37 ogg_stream_pageout 903
FINISH

